<?xml version="1.0" encoding="UTF-8"?>
<!-- Generated by org.testng.reporters.JUnitXMLReporter -->
<testsuite hostname="Yans-MacBook-Pro.local" ignored="0" name="Command line test" tests="7" failures="1" timestamp="26 Aug 2019 16:55:43 GMT" time="53.556" errors="0">
  <testcase name="createAccountTest" time="13.76" classname="tech.credify.tests.web.AccountCreationPageTest"/>
  <testcase name="loginWithCorrectCredentials" time="6.134" classname="tech.credify.tests.web.LoginPageTest"/>
  <testcase name="getRateTest" time="0.558" classname="tech.credify.tests.web.NonDMFunnelPageTest"/>
  <testcase name="testAPIServiceUP" time="1.578" classname="tech.credify.tests.rest.EligibleStatesTest"/>
  <testcase name="validateEligibleStatesNumber" time="1.069" classname="tech.credify.tests.rest.EligibleStatesTest"/>
  <testcase name="validateOnlyOneStateHasMinLoanAmount3005" time="0.547" classname="tech.credify.tests.rest.EligibleStatesTest"/>
  <testcase name="personalOfferDetailsValidationTest" time="10.386" classname="tech.credify.tests.web.PersonalOfferHomePageTest">
    <failure type="org.openqa.selenium.ElementClickInterceptedException" message="element click intercepted: Element &amp;lt;a class=&amp;quot;header-nav-menu__link&amp;quot; href=&amp;quot;/phone/logout&amp;quot;&amp;gt;...&amp;lt;/a&amp;gt; is not clickable at point (1385, 140). Other element would receive the click: &amp;lt;li class=&amp;quot;header-nav-menu__item&amp;quot;&amp;gt;...&amp;lt;/li&amp;gt;
  (Session info: chrome=76.0.3809.100)
Build info: version: &amp;apos;3.141.59&amp;apos;, revision: &amp;apos;e82be7d358&amp;apos;, time: &amp;apos;2018-11-14T08:17:03&amp;apos;
System info: host: &amp;apos;Yans-MacBook-Pro.local&amp;apos;, ip: &amp;apos;fe80:0:0:0:45a:8839:f5b:46c4%en0&amp;apos;, os.name: &amp;apos;Mac OS X&amp;apos;, os.arch: &amp;apos;x86_64&amp;apos;, os.version: &amp;apos;10.13.6&amp;apos;, java.version: &amp;apos;1.8.0_171&amp;apos;
Driver info: org.openqa.selenium.chrome.ChromeDriver
Capabilities {acceptInsecureCerts: false, browserName: chrome, browserVersion: 76.0.3809.100, chrome: {chromedriverVersion: 76.0.3809.68 (420c9498db8ce..., userDataDir: /var/folders/x0/qr5fkvx56g7...}, goog:chromeOptions: {debuggerAddress: localhost:59715}, javascriptEnabled: true, networkConnectionEnabled: false, pageLoadStrategy: normal, platform: MAC, platformName: MAC, proxy: Proxy(), setWindowRect: true, strictFileInteractability: false, timeouts: {implicit: 0, pageLoad: 300000, script: 30000}, unhandledPromptBehavior: dismiss and notify}
Session ID: 97cf6536ad3c50e9753985283753dbec">
      <![CDATA[org.openqa.selenium.ElementClickInterceptedException: element click intercepted: Element <a class="header-nav-menu__link" href="/phone/logout">...</a> is not clickable at point (1385, 140). Other element would receive the click: <li class="header-nav-menu__item">...</li>
  (Session info: chrome=76.0.3809.100)
Build info: version: '3.141.59', revision: 'e82be7d358', time: '2018-11-14T08:17:03'
System info: host: 'Yans-MacBook-Pro.local', ip: 'fe80:0:0:0:45a:8839:f5b:46c4%en0', os.name: 'Mac OS X', os.arch: 'x86_64', os.version: '10.13.6', java.version: '1.8.0_171'
Driver info: org.openqa.selenium.chrome.ChromeDriver
Capabilities {acceptInsecureCerts: false, browserName: chrome, browserVersion: 76.0.3809.100, chrome: {chromedriverVersion: 76.0.3809.68 (420c9498db8ce..., userDataDir: /var/folders/x0/qr5fkvx56g7...}, goog:chromeOptions: {debuggerAddress: localhost:59715}, javascriptEnabled: true, networkConnectionEnabled: false, pageLoadStrategy: normal, platform: MAC, platformName: MAC, proxy: Proxy(), setWindowRect: true, strictFileInteractability: false, timeouts: {implicit: 0, pageLoad: 300000, script: 30000}, unhandledPromptBehavior: dismiss and notify}
Session ID: 97cf6536ad3c50e9753985283753dbec
at org.openqa.selenium.remote.http.W3CHttpResponseCodec.createException(W3CHttpResponseCodec.java:187)
at org.openqa.selenium.remote.http.W3CHttpResponseCodec.decode(W3CHttpResponseCodec.java:122)
at org.openqa.selenium.remote.http.W3CHttpResponseCodec.decode(W3CHttpResponseCodec.java:49)
at org.openqa.selenium.remote.HttpCommandExecutor.execute(HttpCommandExecutor.java:158)
at org.openqa.selenium.remote.service.DriverCommandExecutor.execute(DriverCommandExecutor.java:83)
at org.openqa.selenium.remote.RemoteWebDriver.execute(RemoteWebDriver.java:552)
at org.openqa.selenium.remote.RemoteWebElement.execute(RemoteWebElement.java:285)
at org.openqa.selenium.remote.RemoteWebElement.click(RemoteWebElement.java:84)
at org.openqa.selenium.support.events.EventFiringWebDriver$EventFiringWebElement.lambda$new$0(EventFiringWebDriver.java:404)
at com.sun.proxy.$Proxy11.click(Unknown Source)
at org.openqa.selenium.support.events.EventFiringWebDriver$EventFiringWebElement.click(EventFiringWebDriver.java:417)
at org.openqa.selenium.support.pagefactory.internal.LocatingElementHandler.invoke(LocatingElementHandler.java:51)
at com.sun.proxy.$Proxy10.click(Unknown Source)
at tech.credify.pages.PersonalOfferHomePage.logout(PersonalOfferHomePage.java:73)
at tech.credify.tests.web.PersonalOfferHomePageTest.personalOfferDetailsValidationTest(PersonalOfferHomePageTest.java:60)
... Removed 47 stack frames]]>
    </failure>
  </testcase> <!-- personalOfferDetailsValidationTest -->
</testsuite> <!-- Command line test -->
